TN:
SF:src/App.tsx
FN:3,App
FNF:1
FNH:0
FNDA:0,App
DA:4,0
LF:1
LH:0
BRF:0
BRH:0
end_of_record
TN:
SF:src/components/PasswordStrengthMeter.tsx
FN:4,progressValueFor
FN:21,PasswordStrengthMeter
FN:33,(anonymous_2)
FNF:3
FNH:3
FNDA:120,progressValueFor
FNDA:120,PasswordStrengthMeter
FNDA:102,(anonymous_2)
DA:5,120
DA:7,86
DA:9,3
DA:11,7
DA:13,3
DA:15,2
DA:17,19
DA:22,120
DA:23,120
DA:24,120
DA:26,120
DA:33,102
LF:12
LH:12
BRDA:5,0,0,86
BRDA:5,0,1,3
BRDA:5,0,2,7
BRDA:5,0,3,3
BRDA:5,0,4,2
BRDA:5,0,5,19
BRF:6
BRH:6
end_of_record
TN:
SF:src/test/vitest.d.ts
FNF:0
FNH:0
LF:0
LH:0
BRF:0
BRH:0
end_of_record
TN:
SF:src/utils/passwordStrength.ts
FN:3,passwordStrength
FNF:1
FNH:1
FNDA:139,passwordStrength
DA:4,139
DA:5,20
DA:8,119
DA:9,91
DA:12,28
DA:13,28
DA:14,28
DA:15,28
DA:17,28
DA:18,5
DA:21,23
DA:22,9
DA:25,14
DA:26,8
DA:29,6
LF:15
LH:15
BRDA:4,0,0,20
BRDA:4,0,1,119
BRDA:8,1,0,91
BRDA:8,1,1,28
BRDA:17,2,0,5
BRDA:17,2,1,23
BRDA:17,3,0,28
BRDA:17,3,1,22
BRDA:17,3,2,14
BRDA:17,3,3,7
BRDA:21,4,0,9
BRDA:21,4,1,14
BRDA:21,5,0,23
BRDA:21,5,1,17
BRDA:25,6,0,8
BRDA:25,6,1,6
BRF:16
BRH:16
end_of_record
